Arguments: 
  /usr/local/bin/node /usr/local/bin/yarn add umi-plugin-react [--dev]

PATH: 
  /Users/joey/.rvm/gems/ruby-2.4.0/bin:/Users/joey/.rvm/gems/ruby-2.4.0@global/bin:/Users/joey/.rvm/rubies/ruby-2.4.0/bin:/usr/local/bin:/usr/bin:/bin:/usr/sbin:/sbin:/Users/joey/.rvm/bin://Users/joey/Documents/apache-tomcat-7.0.77/bin

Yarn version: 
  1.7.0

Node version: 
  6.10.0

Platform: 
  darwin x64

Trace: 
  Error: https://registry.npm.taobao.org/[--dev]: Not found
      at Request.params.callback [as _callback] (/usr/local/lib/node_modules/yarn/lib/cli.js:65656:18)
      at Request.self.callback (/usr/local/lib/node_modules/yarn/lib/cli.js:134675:22)
      at emitTwo (events.js:106:13)
      at Request.emit (events.js:191:7)
      at Request.<anonymous> (/usr/local/lib/node_modules/yarn/lib/cli.js:135658:10)
      at emitOne (events.js:96:13)
      at Request.emit (events.js:188:7)
      at IncomingMessage.<anonymous> (/usr/local/lib/node_modules/yarn/lib/cli.js:135578:12)
      at IncomingMessage.g (events.js:291:16)
      at emitNone (events.js:91:20)
      at IncomingMessage.emit (events.js:185:7)

npm manifest: 
  {
    "name": "antd-course",
    "version": "1.0.0",
    "main": "index.js",
    "author": "joey",
    "license": "MIT",
    "scripts": {
      "dev": "umi dev",
      "build": "umi build"
    },
    "devDependencies": {
      "umi": "^2.2.8"
    }
  }

yarn manifest: 
  No manifest

Lockfile: 
  No lockfile
